This is pdfTeX, Version 3.141592653-2.6-1.40.26 (TeX Live 2024) (preloaded format=pdflatex 2024.11.9)  11 NOV 2024 20:34
entering extended mode
 restricted \write18 enabled.
 %&-line parsing enabled.
**statement.tex
(./statement.tex
LaTeX2e <2024-11-01>
L3 programming layer <2024-11-02>
(w:/demo/Latex/TexLive/texlive/2024/texmf-dist/tex/latex/base/article.cls
Document Class: article 2024/06/29 v1.4n Standard LaTeX document class
(w:/demo/Latex/TexLive/texlive/2024/texmf-dist/tex/latex/base/size10.clo
File: size10.clo 2024/06/29 v1.4n Standard LaTeX file (size option)
)
\c@part=\count196
\c@section=\count197
\c@subsection=\count198
\c@subsubsection=\count199
\c@paragraph=\count266
\c@subparagraph=\count267
\c@figure=\count268
\c@table=\count269
\abovecaptionskip=\skip49
\belowcaptionskip=\skip50
\bibindent=\dimen141
)
(w:/demo/Latex/TexLive/texlive/2024/texmf-dist/tex/latex/lipsum/lipsum.sty
(w:/demo/Latex/TexLive/texlive/2024/texmf-dist/tex/latex/l3packages/l3keys2e/l3
keys2e.sty
(w:/demo/Latex/TexLive/texlive/2024/texmf-dist/tex/latex/l3kernel/expl3.sty
Package: expl3 2024-11-02 L3 programming layer (loader) 

(w:/demo/Latex/TexLive/texlive/2024/texmf-dist/tex/latex/l3backend/l3backend-pd
ftex.def
File: l3backend-pdftex.def 2024-05-08 L3 backend support: PDF output (pdfTeX)
\l__color_backend_stack_int=\count270
\l__pdf_internal_box=\box52
))
Package: l3keys2e 2024-08-16 LaTeX2e option processing using LaTeX3 keys
)
Package: lipsum 2021-09-20 v2.7 150 paragraphs of Lorem Ipsum dummy text
\g__lipsum_par_int=\count271
\l__lipsum_a_int=\count272
\l__lipsum_b_int=\count273

(w:/demo/Latex/TexLive/texlive/2024/texmf-dist/tex/latex/lipsum/lipsum.ltd.tex)
) (w:/demo/Latex/TexLive/texlive/2024/texmf-dist/tex/latex/ctex/ctex.sty
Package: ctex 2022/07/14 v2.5.10 Chinese adapter in LaTeX (CTEX)

(w:/demo/Latex/TexLive/texlive/2024/texmf-dist/tex/latex/ctex/ctexhook.sty
Package: ctexhook 2022/07/14 v2.5.10 Document and package hooks (CTEX)
)
(w:/demo/Latex/TexLive/texlive/2024/texmf-dist/tex/latex/ctex/ctexpatch.sty
Package: ctexpatch 2022/07/14 v2.5.10 Patching commands (CTEX)
)
(w:/demo/Latex/TexLive/texlive/2024/texmf-dist/tex/latex/base/fix-cm.sty
Package: fix-cm 2020/11/24 v1.1t fixes to LaTeX

(w:/demo/Latex/TexLive/texlive/2024/texmf-dist/tex/latex/base/ts1enc.def
File: ts1enc.def 2001/06/05 v3.0e (jk/car/fm) Standard LaTeX file
LaTeX Font Info:    Redeclaring font encoding TS1 on input line 47.
))
\l__ctex_tmp_int=\count274
\l__ctex_tmp_box=\box53
\l__ctex_tmp_dim=\dimen142
\g__ctex_section_depth_int=\count275
\g__ctex_font_size_int=\count276

(w:/demo/Latex/TexLive/texlive/2024/texmf-dist/tex/latex/ctex/config/ctexopts.c
fg
File: ctexopts.cfg 2022/07/14 v2.5.10 Option configuration file (CTEX)
)

Package ctex Warning: UTF8 will be used as the default encoding.


(w:/demo/Latex/TexLive/texlive/2024/texmf-dist/tex/latex/ctex/engine/ctex-engin
e-pdftex.def
File: ctex-engine-pdftex.def 2022/07/14 v2.5.10 (pdf)LaTeX adapter (CTEX)

(w:/demo/Latex/TexLive/texlive/2024/texmf-dist/tex/latex/cjk/texinput/CJKutf8.s
ty
Package: CJKutf8 2021/10/16 4.8.5
 (w:/demo/Latex/TexLive/texlive/2024/texmf-dist/tex/generic/iftex/ifpdf.sty
Package: ifpdf 2019/10/25 v3.4 ifpdf legacy package. Use iftex instead.

(w:/demo/Latex/TexLive/texlive/2024/texmf-dist/tex/generic/iftex/iftex.sty
Package: iftex 2022/02/03 v1.0f TeX engine tests
))
(w:/demo/Latex/TexLive/texlive/2024/texmf-dist/tex/latex/base/inputenc.sty
Package: inputenc 2024/02/08 v1.3d Input encoding file
\inpenc@prehook=\toks17
\inpenc@posthook=\toks18
)
(w:/demo/Latex/TexLive/texlive/2024/texmf-dist/tex/latex/cjk/texinput/CJK.sty
Package: CJK 2021/10/16 4.8.5

(w:/demo/Latex/TexLive/texlive/2024/texmf-dist/tex/latex/cjk/texinput/mule/MULE
enc.sty
Package: MULEenc 2021/10/16 4.8.5
)
(w:/demo/Latex/TexLive/texlive/2024/texmf-dist/tex/latex/cjk/texinput/CJK.enc
File: CJK.enc 2021/10/16 4.8.5
Now handling font encoding C00 ...
... no UTF-8 mapping file for font encoding C00
Now handling font encoding C05 ...
... no UTF-8 mapping file for font encoding C05
Now handling font encoding C09 ...
... no UTF-8 mapping file for font encoding C09
Now handling font encoding C10 ...
... no UTF-8 mapping file for font encoding C10
Now handling font encoding C20 ...
... no UTF-8 mapping file for font encoding C20
Now handling font encoding C19 ...
... no UTF-8 mapping file for font encoding C19
Now handling font encoding C40 ...
... no UTF-8 mapping file for font encoding C40
Now handling font encoding C42 ...
... no UTF-8 mapping file for font encoding C42
Now handling font encoding C43 ...
... no UTF-8 mapping file for font encoding C43
Now handling font encoding C50 ...
... no UTF-8 mapping file for font encoding C50
Now handling font encoding C52 ...
... no UTF-8 mapping file for font encoding C52
Now handling font encoding C49 ...
... no UTF-8 mapping file for font encoding C49
Now handling font encoding C60 ...
... no UTF-8 mapping file for font encoding C60
Now handling font encoding C61 ...
... no UTF-8 mapping file for font encoding C61
Now handling font encoding C63 ...
... no UTF-8 mapping file for font encoding C63
Now handling font encoding C64 ...
... no UTF-8 mapping file for font encoding C64
Now handling font encoding C65 ...
... no UTF-8 mapping file for font encoding C65
Now handling font encoding C70 ...
... no UTF-8 mapping file for font encoding C70
Now handling font encoding C31 ...
... no UTF-8 mapping file for font encoding C31
Now handling font encoding C32 ...
... no UTF-8 mapping file for font encoding C32
Now handling font encoding C33 ...
... no UTF-8 mapping file for font encoding C33
Now handling font encoding C34 ...
... no UTF-8 mapping file for font encoding C34
Now handling font encoding C35 ...
... no UTF-8 mapping file for font encoding C35
Now handling font encoding C36 ...
... no UTF-8 mapping file for font encoding C36
Now handling font encoding C37 ...
... no UTF-8 mapping file for font encoding C37
Now handling font encoding C80 ...
... no UTF-8 mapping file for font encoding C80
Now handling font encoding C81 ...
... no UTF-8 mapping file for font encoding C81
Now handling font encoding C01 ...
... no UTF-8 mapping file for font encoding C01
Now handling font encoding C11 ...
... no UTF-8 mapping file for font encoding C11
Now handling font encoding C21 ...
... no UTF-8 mapping file for font encoding C21
Now handling font encoding C41 ...
... no UTF-8 mapping file for font encoding C41
Now handling font encoding C62 ...
... no UTF-8 mapping file for font encoding C62
)
\CJK@indent=\box54
) (w:/demo/Latex/TexLive/texlive/2024/texmf-dist/tex/latex/base/fontenc.sty
Package: fontenc 2021/04/29 v2.0v Standard LaTeX package
))
(w:/demo/Latex/TexLive/texlive/2024/texmf-dist/tex/latex/cjkpunct/CJKpunct.sty
Package: CJKpunct 2016/05/14 4.8.4
\CJKpunct@cnta=\count277
\CJKpunct@cntb=\count278
\CJKpunct@cntc=\count279
\CJKpunct@cntd=\count280
\CJKpunct@cnte=\count281
   defining Unicode char U+2018 (decimal 8216)
   defining Unicode char U+2019 (decimal 8217)
   defining Unicode char U+201C (decimal 8220)
   defining Unicode char U+201D (decimal 8221)
   defining Unicode char U+2014 (decimal 8212)
   defining Unicode char U+2026 (decimal 8230)

(w:/demo/Latex/TexLive/texlive/2024/texmf-dist/tex/latex/cjkpunct/CJKpunct.spa)
)
(w:/demo/Latex/TexLive/texlive/2024/texmf-dist/tex/latex/cjk/texinput/CJKspace.
sty
Package: CJKspace 2021/10/16 3.8.0
)
(w:/demo/Latex/TexLive/texlive/2024/texmf-dist/tex/latex/cjk/texinput/UTF8/UTF8
.bdg
File: UTF8.bdg 2021/10/16 4.8.5
) (w:/demo/Latex/TexLive/texlive/2024/texmf-dist/tex/latex/ctex/ctexspa.def
File: ctexspa.def 2022/07/14 v2.5.10 Space info for CJKpunct (CTEX)
)
\ccwd=\dimen143
\l__ctex_ccglue_skip=\skip51
)
\l__ctex_ziju_dim=\dimen144

(w:/demo/Latex/TexLive/texlive/2024/texmf-dist/tex/latex/zhnumber/zhnumber.sty
Package: zhnumber 2022/07/14 v3.0 Typesetting numbers with Chinese glyphs
\l__zhnum_scale_int=\count282
\l__zhnum_tmp_int=\count283

(w:/demo/Latex/TexLive/texlive/2024/texmf-dist/tex/latex/zhnumber/zhnumber-utf8
.cfg
File: zhnumber-utf8.cfg 2022/07/14 v3.0 Chinese numerals with UTF8 encoding
))
(w:/demo/Latex/TexLive/texlive/2024/texmf-dist/tex/latex/ctex/scheme/ctex-schem
e-chinese.def
File: ctex-scheme-chinese.def 2022/07/14 v2.5.10 Chinese scheme for generic (CT
EX)

(w:/demo/Latex/TexLive/texlive/2024/texmf-dist/tex/latex/ctex/config/ctex-name-
utf8.cfg
File: ctex-name-utf8.cfg 2022/07/14 v2.5.10 Caption with encoding UTF-8 (CTEX)
))
(w:/demo/Latex/TexLive/texlive/2024/texmf-dist/tex/latex/tools/indentfirst.sty
Package: indentfirst 2023/07/02 v1.03 Indent first paragraph (DPC)
) (w:/demo/Latex/TexLive/texlive/2024/texmf-dist/tex/latex/ctex/ctex-c5size.clo
File: ctex-c5size.clo 2022/07/14 v2.5.10 c5size option (CTEX)
)
(w:/demo/Latex/TexLive/texlive/2024/texmf-dist/tex/latex/ctex/fontset/ctex-font
set-windows.def
File: ctex-fontset-windows.def 2022/07/14 v2.5.10 Windows fonts definition (CTE
X)
))
(w:/demo/Latex/TexLive/texlive/2024/texmf-dist/tex/latex/ctex/config/ctex.cfg
File: ctex.cfg 2022/07/14 v2.5.10 Configuration file (CTEX)
)
(w:/demo/Latex/TexLive/texlive/2024/texmf-dist/tex/latex/geometry/geometry.sty
Package: geometry 2020/01/02 v5.9 Page Geometry

(w:/demo/Latex/TexLive/texlive/2024/texmf-dist/tex/latex/graphics/keyval.sty
Package: keyval 2022/05/29 v1.15 key=value parser (DPC)
\KV@toks@=\toks19
)
(w:/demo/Latex/TexLive/texlive/2024/texmf-dist/tex/generic/iftex/ifvtex.sty
Package: ifvtex 2019/10/25 v1.7 ifvtex legacy package. Use iftex instead.
)
\Gm@cnth=\count284
\Gm@cntv=\count285
\c@Gm@tempcnt=\count286
\Gm@bindingoffset=\dimen145
\Gm@wd@mp=\dimen146
\Gm@odd@mp=\dimen147
\Gm@even@mp=\dimen148
\Gm@layoutwidth=\dimen149
\Gm@layoutheight=\dimen150
\Gm@layouthoffset=\dimen151
\Gm@layoutvoffset=\dimen152
\Gm@dimlist=\toks20
)
(w:/demo/Latex/TexLive/texlive/2024/texmf-dist/tex/latex/cjk/texinput/UTF8/UTF8
.enc
File: UTF8.enc 2021/10/16 4.8.5
)
(w:/demo/Latex/TexLive/texlive/2024/texmf-dist/tex/latex/cjk/texinput/UTF8/UTF8
.chr
File: UTF8.chr 2021/10/16 4.8.5
) (./statement.aux)
\openout1 = `statement.aux'.

LaTeX Font Info:    Checking defaults for OML/cmm/m/it on input line 7.
LaTeX Font Info:    ... okay on input line 7.
LaTeX Font Info:    Checking defaults for OMS/cmsy/m/n on input line 7.
LaTeX Font Info:    ... okay on input line 7.
LaTeX Font Info:    Checking defaults for OT1/cmr/m/n on input line 7.
LaTeX Font Info:    ... okay on input line 7.
LaTeX Font Info:    Checking defaults for T1/cmr/m/n on input line 7.
LaTeX Font Info:    ... okay on input line 7.
LaTeX Font Info:    Checking defaults for TS1/cmr/m/n on input line 7.
LaTeX Font Info:    ... okay on input line 7.
LaTeX Font Info:    Checking defaults for OMX/cmex/m/n on input line 7.
LaTeX Font Info:    ... okay on input line 7.
LaTeX Font Info:    Checking defaults for U/cmr/m/n on input line 7.
LaTeX Font Info:    ... okay on input line 7.
LaTeX Font Info:    Checking defaults for C00/song/m/n on input line 7.
LaTeX Font Info:    ... okay on input line 7.
LaTeX Font Info:    Checking defaults for C05/song/m/n on input line 7.
LaTeX Font Info:    ... okay on input line 7.
LaTeX Font Info:    Checking defaults for C09/song/m/n on input line 7.
LaTeX Font Info:    ... okay on input line 7.
LaTeX Font Info:    Checking defaults for C10/song/m/n on input line 7.
LaTeX Font Info:    ... okay on input line 7.
LaTeX Font Info:    Checking defaults for C20/song/m/n on input line 7.
LaTeX Font Info:    ... okay on input line 7.
LaTeX Font Info:    Checking defaults for C19/song/m/n on input line 7.
LaTeX Font Info:    ... okay on input line 7.
LaTeX Font Info:    Checking defaults for C40/song/m/n on input line 7.
LaTeX Font Info:    ... okay on input line 7.
LaTeX Font Info:    Checking defaults for C42/song/m/n on input line 7.
LaTeX Font Info:    ... okay on input line 7.
LaTeX Font Info:    Checking defaults for C43/song/m/n on input line 7.
LaTeX Font Info:    ... okay on input line 7.
LaTeX Font Info:    Checking defaults for C50/song/m/n on input line 7.
LaTeX Font Info:    ... okay on input line 7.
LaTeX Font Info:    Checking defaults for C52/song/m/n on input line 7.
LaTeX Font Info:    ... okay on input line 7.
LaTeX Font Info:    Checking defaults for C49/song/m/n on input line 7.
LaTeX Font Info:    ... okay on input line 7.
LaTeX Font Info:    Checking defaults for C60/mj/m/n on input line 7.
LaTeX Font Info:    ... okay on input line 7.
LaTeX Font Info:    Checking defaults for C61/mj/m/n on input line 7.
LaTeX Font Info:    ... okay on input line 7.
LaTeX Font Info:    Checking defaults for C63/mj/m/n on input line 7.
LaTeX Font Info:    ... okay on input line 7.
LaTeX Font Info:    Checking defaults for C64/mj/m/n on input line 7.
LaTeX Font Info:    ... okay on input line 7.
LaTeX Font Info:    Checking defaults for C65/mj/m/n on input line 7.
LaTeX Font Info:    ... okay on input line 7.
LaTeX Font Info:    Checking defaults for C70/song/m/n on input line 7.
LaTeX Font Info:    ... okay on input line 7.
LaTeX Font Info:    Checking defaults for C31/song/m/n on input line 7.
LaTeX Font Info:    ... okay on input line 7.
LaTeX Font Info:    Checking defaults for C32/song/m/n on input line 7.
LaTeX Font Info:    ... okay on input line 7.
LaTeX Font Info:    Checking defaults for C33/song/m/n on input line 7.
LaTeX Font Info:    ... okay on input line 7.
LaTeX Font Info:    Checking defaults for C34/song/m/n on input line 7.
LaTeX Font Info:    ... okay on input line 7.
LaTeX Font Info:    Checking defaults for C35/song/m/n on input line 7.
LaTeX Font Info:    ... okay on input line 7.
LaTeX Font Info:    Checking defaults for C36/song/m/n on input line 7.
LaTeX Font Info:    ... okay on input line 7.
LaTeX Font Info:    Checking defaults for C37/song/m/n on input line 7.
LaTeX Font Info:    ... okay on input line 7.
LaTeX Font Info:    Checking defaults for C80/song/m/n on input line 7.
LaTeX Font Info:    ... okay on input line 7.
LaTeX Font Info:    Checking defaults for C81/song/m/n on input line 7.
LaTeX Font Info:    ... okay on input line 7.
LaTeX Font Info:    Checking defaults for C01/song/m/n on input line 7.
LaTeX Font Info:    ... okay on input line 7.
LaTeX Font Info:    Checking defaults for C11/song/m/n on input line 7.
LaTeX Font Info:    ... okay on input line 7.
LaTeX Font Info:    Checking defaults for C21/song/m/n on input line 7.
LaTeX Font Info:    ... okay on input line 7.
LaTeX Font Info:    Checking defaults for C41/song/m/n on input line 7.
LaTeX Font Info:    ... okay on input line 7.
LaTeX Font Info:    Checking defaults for C62/song/m/n on input line 7.
LaTeX Font Info:    ... okay on input line 7.

*geometry* driver: auto-detecting
*geometry* detected driver: pdftex
*geometry* verbose mode - [ preamble ] result:
* driver: pdftex
* paper: a4paper
* layout: <same size as paper>
* layoutoffset:(h,v)=(0.0pt,0.0pt)
* modes: 
* h-part:(L,W,R)=(89.62709pt, 418.25368pt, 89.6271pt)
* v-part:(T,H,B)=(101.40665pt, 591.5302pt, 152.11pt)
* \paperwidth=597.50787pt
* \paperheight=845.04684pt
* \textwidth=418.25368pt
* \textheight=591.5302pt
* \oddsidemargin=17.3571pt
* \evensidemargin=17.3571pt
* \topmargin=-7.86334pt
* \headheight=12.0pt
* \headsep=25.0pt
* \topskip=10.0pt
* \footskip=30.0pt
* \marginparwidth=65.0pt
* \marginparsep=11.0pt
* \columnsep=10.0pt
* \skip\footins=9.0pt plus 4.0pt minus 2.0pt
* \hoffset=0.0pt
* \voffset=0.0pt
* \mag=1000
* \@twocolumnfalse
* \@twosidefalse
* \@mparswitchfalse
* \@reversemarginfalse
* (1in=72.27pt=25.4mm, 1cm=28.453pt)

LaTeX Font Info:    Trying to load font information for C70+zhhei on input line
 9.
(w:/demo/Latex/TexLive/texlive/2024/texmf-dist/tex/latex/zhmetrics/c70zhhei.fd
File: c70zhhei.fd 2009/09/23 4.8.2
)
LaTeX Font Info:    External font `cmex10' loaded for size
(Font)              <10.53937> on input line 10.
LaTeX Font Info:    External font `cmex10' loaded for size
(Font)              <7> on input line 10.
LaTeX Font Info:    External font `cmex10' loaded for size
(Font)              <5> on input line 10.
LaTeX Font Info:    Trying to load font information for C70+zhfs on input line 
11.
(w:/demo/Latex/TexLive/texlive/2024/texmf-dist/tex/latex/zhmetrics/c70zhfs.fd
File: c70zhfs.fd 2009/09/23 4.8.2
)
LaTeX Font Info:    Trying to load font information for C70+rm on input line 17
.

(w:/demo/Latex/TexLive/texlive/2024/texmf-dist/tex/latex/ctex/fd/c70rm.fd
File: c70rm.fd 2022/07/14 v2.5.10 Chinese font definition (CTEX)
)
Package CJKpunct Info: use punctuation spaces for family 'rm' with punctstyle (
quanjiao) on input line 17.

Overfull \hbox (14.9786pt too wide) in paragraph at lines 49--51
[]\C70/rm/m/n/10.53937/59 ‚ \C70/rm/m/n/10.53937/67 œ \C70/rm/m/n/10.53937/53 ï
 \C70/rm/m/n/10.53937/4e å \C70/rm/m/n/10.53937/90 ^^Z \C70/rm/m/n/10.53937/8f 
Ç \C70/rm/m/n/10.53937/62 g \C70/rm/m/n/10.53937/88 L \C70/rm/m/n/10.53937/4e ^
^@ \C70/rm/m/n/10.53937/5b š \C70/rm/m/n/10.53937/6b ! \C70/rm/m/n/10.53937/65 
p |\C70/rm/m/n/10.53937/ff ^^H|\C70/rm/m/n/10.53937/53 ï \C70/rm/m/n/10.53937/8
0 ý \C70/rm/m/n/10.53937/4e : \C70/rm/m/n/10.53937/96 ö \C70/rm/m/n/10.53937/6b
 !|\C70/rm/m/n/10.53937/ff 	| \C70/rm/m/n/10.53937/64 Í \C70/rm/m/n/10.53937/4f
 \ ^^? \C70/rm/m/n/10.53937/65 p \C70/rm/m/n/10.53937/7e Ä \C70/rm/m/n/10.53937
/4e - \C70/rm/m/n/10.53937/76 „ \C70/rm/m/n/10.53937/62 @ \C70/rm/m/n/10.53937/
67 	 \C70/rm/m/n/10.53937/51 C \C70/rm/m/n/10.53937/7d   \C70/rm/m/n/10.53937/7
6 ø \C70/rm/m/n/10.53937/7b I|\C70/rm/m/n/10.53937/ff ^^L| \C70/rm/m/n/10.53937
/52 ^^Y \C70/rm/m/n/10.53937/8f “ \C70/rm/m/n/10.53937/51 ú\OT1/cmr/m/n/10.5393
7 "YES"|\C70/rm/m/n/10.53937/ff ^^[|
 []


Overfull \hbox (4.08488pt too wide) in paragraph at lines 54--102
[] 
 []




(w:/demo/Latex/TexLive/texlive/2024/texmf-dist/tex/generic/ctex/zhmap/ctex-zhma
p-windows.tex
File: ctex-zhmap-windows.tex 2022/07/14 v2.5.10 Windows font map loader for pdf
TeX and DVIPDFMx (CTEX)
{w:/demo/Latex/TexLive/texlive/2024/texmf-var/fonts/map/pdftex/updmap/pdftex.ma
p}{UGBK.sfd}{Unicode.sfd}) [1

]

[2] (./statement.aux)
 ***********
LaTeX2e <2024-11-01>
L3 programming layer <2022/07/14>
 ***********
 ) 
Here is how much of TeX's memory you used:
 5320 strings out of 473362
 105628 string characters out of 5715418
 602792 words of memory out of 5000000
 28252 multiletter control sequences out of 15000+600000
 578022 words of font info for 106 fonts, out of 8000000 for 9000
 1141 hyphenation exceptions out of 8191
 80i,8n,93p,715b,348s stack positions out of 10000i,1000n,20000p,200000b,200000s
<c:/Windows/Fonts/simsun.ttc><c:/Windows/Fonts/simhei.ttf><c:/Windows/Fonts/s
imhei.ttf><c:/Windows/Fonts/simsun.ttc><c:/Windows/Fonts/simsun.ttc><c:/Windows
/Fonts/simsun.ttc><c:/Windows/Fonts/simsun.ttc><c:/Windows/Fonts/simsun.ttc><c:
/Windows/Fonts/simsun.ttc><c:/Windows/Fonts/simhei.ttf><c:/Windows/Fonts/simsun
.ttc><c:/Windows/Fonts/simsun.ttc><c:/Windows/Fonts/simsun.ttc><c:/Windows/Font
s/simsun.ttc><c:/Windows/Fonts/simsun.ttc><c:/Windows/Fonts/simsun.ttc><c:/Wind
ows/Fonts/simsun.ttc><c:/Windows/Fonts/simsun.ttc><c:/Windows/Fonts/simsun.ttc>
<c:/Windows/Fonts/simsun.ttc><c:/Windows/Fonts/simsun.ttc><c:/Windows/Fonts/sim
sun.ttc><c:/Windows/Fonts/simsun.ttc><c:/Windows/Fonts/simsun.ttc><c:/Windows/F
onts/simsun.ttc><c:/Windows/Fonts/simsun.ttc><c:/Windows/Fonts/simsun.ttc><c:/W
indows/Fonts/simsun.ttc><c:/Windows/Fonts/simsun.ttc><c:/Windows/Fonts/simsun.t
tc><c:/Windows/Fonts/simsun.ttc><c:/Windows/Fonts/simsun.ttc><c:/Windows/Fonts/
simsun.ttc><c:/Windows/Fonts/simsun.ttc><c:/Windows/Fonts/simsun.ttc><c:/Window
s/Fonts/simsun.ttc><c:/Windows/Fonts/simsun.ttc><c:/Windows/Fonts/simsun.ttc><c
:/Windows/Fonts/simsun.ttc><c:/Windows/Fonts/simsun.ttc><c:/Windows/Fonts/simsu
n.ttc><c:/Windows/Fonts/simhei.ttf><c:/Windows/Fonts/simhei.ttf><c:/Windows/Fon
ts/simfang.ttf><c:/Windows/Fonts/simfang.ttf><c:/Windows/Fonts/simfang.ttf><c:/
Windows/Fonts/simfang.ttf><c:/Windows/Fonts/simfang.ttf><c:/Windows/Fonts/simfa
ng.ttf><c:/Windows/Fonts/simfang.ttf><c:/Windows/Fonts/simfang.ttf><c:/Windows/
Fonts/simfang.ttf><c:/Windows/Fonts/simhei.ttf><c:/Windows/Fonts/simhei.ttf><w:
/demo/Latex/TexLive/texlive/2024/texmf-dist/fonts/type1/public/amsfonts/cm/cmbx
12.pfb><w:/demo/Latex/TexLive/texlive/2024/texmf-dist/fonts/type1/public/amsfon
ts/cm/cmmi10.pfb><w:/demo/Latex/TexLive/texlive/2024/texmf-dist/fonts/type1/pub
lic/amsfonts/cm/cmmi5.pfb><w:/demo/Latex/TexLive/texlive/2024/texmf-dist/fonts/
type1/public/amsfonts/cm/cmmi7.pfb><w:/demo/Latex/TexLive/texlive/2024/texmf-di
st/fonts/type1/public/amsfonts/cm/cmr10.pfb><w:/demo/Latex/TexLive/texlive/2024
/texmf-dist/fonts/type1/public/amsfonts/cm/cmr5.pfb><w:/demo/Latex/TexLive/texl
ive/2024/texmf-dist/fonts/type1/public/amsfonts/cm/cmr7.pfb><w:/demo/Latex/TexL
ive/texlive/2024/texmf-dist/fonts/type1/public/amsfonts/cm/cmssbx10.pfb><w:/dem
o/Latex/TexLive/texlive/2024/texmf-dist/fonts/type1/public/amsfonts/cm/cmsy10.p
fb><w:/demo/Latex/TexLive/texlive/2024/texmf-dist/fonts/type1/public/amsfonts/c
m/cmtt10.pfb>
Output written on statement.pdf (2 pages, 309506 bytes).
PDF statistics:
 318 PDF objects out of 1000 (max. 8388607)
 198 compressed objects within 2 object streams
 0 named destinations out of 1000 (max. 500000)
 161 words of extra memory for PDF output out of 10000 (max. 10000000)

